{"C:\\projects\\br-data-hub\\apps\\backend\\src\\modules\\br-data\\br-data-enrichment.worker.ts": {"path":"C:\\projects\\br-data-hub\\apps\\backend\\src\\modules\\br-data\\br-data-enrichment.worker.ts","statementMap":{"0":{"start":{"line":1,"column":0},"end":{"line":1,"column":null}},"1":{"start":{"line":7,"column":0},"end":{"line":7,"column":55}},"2":{"start":{"line":12,"column":0},"end":{"line":12,"column":32}},"3":{"start":{"line":13,"column":0},"end":{"line":13,"column":null}},"4":{"start":{"line":18,"column":0},"end":{"line":18,"column":null}},"5":{"start":{"line":35,"column":35},"end":{"line":94,"column":null}},"6":{"start":{"line":36,"column":28},"end":{"line":36,"column":67}},"7":{"start":{"line":37,"column":39},"end":{"line":37,"column":41}},"8":{"start":{"line":39,"column":31},"end":{"line":39,"column":42}},"9":{"start":{"line":42,"column":4},"end":{"line":44,"column":5}},"10":{"start":{"line":43,"column":6},"end":{"line":43,"column":51}},"11":{"start":{"line":48,"column":4},"end":{"line":48,"column":68}},"12":{"start":{"line":48,"column":51},"end":{"line":48,"column":65}},"13":{"start":{"line":52,"column":20},"end":{"line":52,"column":44}},"14":{"start":{"line":53,"column":22},"end":{"line":53,"column":49}},"15":{"start":{"line":55,"column":19},"end":{"line":78,"column":null}},"16":{"start":{"line":58,"column":8},"end":{"line":71,"column":9}},"17":{"start":{"line":59,"column":10},"end":{"line":59,"column":51}},"18":{"start":{"line":61,"column":10},"end":{"line":63,"column":11}},"19":{"start":{"line":62,"column":12},"end":{"line":62,"column":24}},"20":{"start":{"line":66,"column":10},"end":{"line":68,"column":12}},"21":{"start":{"line":69,"column":10},"end":{"line":69,"column":44}},"22":{"start":{"line":70,"column":10},"end":{"line":70,"column":40}},"23":{"start":{"line":81,"column":4},"end":{"line":83,"column":7}},"24":{"start":{"line":82,"column":6},"end":{"line":82,"column":78}},"25":{"start":{"line":84,"column":4},"end":{"line":86,"column":7}},"26":{"start":{"line":85,"column":6},"end":{"line":85,"column":62}},"27":{"start":{"line":88,"column":4},"end":{"line":90,"column":6}},"28":{"start":{"line":92,"column":4},"end":{"line":92,"column":18}},"29":{"start":{"line":35,"column":13},"end":{"line":35,"column":35}},"30":{"start":{"line":35,"column":13},"end":{"line":94,"column":null}}},"fnMap":{"0":{"name":"(anonymous_2)","decl":{"start":{"line":39,"column":2},"end":{"line":39,"column":31}},"loc":{"start":{"line":39,"column":67},"end":{"line":39,"column":71}}},"1":{"name":"(anonymous_3)","decl":{"start":{"line":41,"column":2},"end":{"line":41,"column":14}},"loc":{"start":{"line":41,"column":14},"end":{"line":45,"column":3}}},"2":{"name":"(anonymous_4)","decl":{"start":{"line":47,"column":2},"end":{"line":47,"column":7}},"loc":{"start":{"line":47,"column":23},"end":{"line":49,"column":3}}},"3":{"name":"(anonymous_5)","decl":{"start":{"line":48,"column":39},"end":{"line":48,"column":40}},"loc":{"start":{"line":48,"column":51},"end":{"line":48,"column":65}}},"4":{"name":"(anonymous_6)","decl":{"start":{"line":51,"column":10},"end":{"line":51,"column":22}},"loc":{"start":{"line":51,"column":43},"end":{"line":93,"column":3}}},"5":{"name":"(anonymous_7)","decl":{"start":{"line":57,"column":6},"end":{"line":57,"column":11}},"loc":{"start":{"line":57,"column":20},"end":{"line":72,"column":7}}},"6":{"name":"(anonymous_8)","decl":{"start":{"line":81,"column":24},"end":{"line":81,"column":25}},"loc":{"start":{"line":81,"column":39},"end":{"line":83,"column":5}}},"7":{"name":"(anonymous_9)","decl":{"start":{"line":84,"column":23},"end":{"line":84,"column":24}},"loc":{"start":{"line":84,"column":33},"end":{"line":86,"column":5}}}},"branchMap":{"0":{"loc":{"start":{"line":61,"column":10},"end":{"line":63,"column":11}},"type":"if","locations":[{"start":{"line":61,"column":10},"end":{"line":63,"column":11}},{"start":{},"end":{}}]},"1":{"loc":{"start":{"line":39,"column":42},"end":{"line":39,"column":70}},"type":"cond-expr","locations":[{"start":{"line":39,"column":67},"end":{"line":39,"column":70}},{"start":{"line":39,"column":67},"end":{"line":39,"column":70}}]},"2":{"loc":{"start":{"line":39,"column":42},"end":{"line":39,"column":67}},"type":"binary-expr","locations":[{"start":{"line":39,"column":42},"end":{"line":39,"column":70}},{"start":{"line":39,"column":42},"end":{"line":39,"column":67}}]}},"s":{"0":1,"1":1,"2":1,"3":1,"4":1,"5":1,"6":9,"7":9,"8":9,"9":9,"10":18,"11":1,"12":2,"13":18,"14":18,"15":18,"16":9,"17":9,"18":5,"19":1,"20":4,"21":4,"22":4,"23":18,"24":2,"25":18,"26":1,"27":18,"28":18,"29":1,"30":1},"f":{"0":9,"1":9,"2":1,"3":2,"4":18,"5":9,"6":2,"7":1},"b":{"0":[1,4],"1":[1,0],"2":[1,1]}}
,"C:\\projects\\br-data-hub\\apps\\backend\\src\\modules\\br-data\\br-data.controller.ts": {"path":"C:\\projects\\br-data-hub\\apps\\backend\\src\\modules\\br-data\\br-data.controller.ts","statementMap":{"0":{"start":{"line":1,"column":0},"end":{"line":1,"column":null}},"1":{"start":{"line":12,"column":0},"end":{"line":12,"column":50}},"2":{"start":{"line":14,"column":0},"end":{"line":14,"column":50}},"3":{"start":{"line":16,"column":0},"end":{"line":16,"column":41}},"4":{"start":{"line":17,"column":0},"end":{"line":17,"column":64}},"5":{"start":{"line":18,"column":0},"end":{"line":18,"column":77}},"6":{"start":{"line":19,"column":0},"end":{"line":19,"column":56}},"7":{"start":{"line":20,"column":0},"end":{"line":20,"column":59}},"8":{"start":{"line":21,"column":0},"end":{"line":21,"column":59}},"9":{"start":{"line":22,"column":0},"end":{"line":22,"column":74}},"10":{"start":{"line":23,"column":0},"end":{"line":23,"column":58}},"11":{"start":{"line":24,"column":0},"end":{"line":24,"column":null}},"12":{"start":{"line":31,"column":25},"end":{"line":31,"column":27}},"13":{"start":{"line":32,"column":21},"end":{"line":32,"column":24}},"14":{"start":{"line":36,"column":7},"end":{"line":173,"column":null}},"15":{"start":{"line":38,"column":21},"end":{"line":38,"column":39}},"16":{"start":{"line":39,"column":21},"end":{"line":39,"column":41}},"17":{"start":{"line":40,"column":21},"end":{"line":40,"column":36}},"18":{"start":{"line":41,"column":21},"end":{"line":41,"column":37}},"19":{"start":{"line":53,"column":15},"end":{"line":53,"column":27}},"20":{"start":{"line":54,"column":20},"end":{"line":56,"column":null}},"21":{"start":{"line":59,"column":4},"end":{"line":59,"column":76}},"22":{"start":{"line":61,"column":18},"end":{"line":61,"column":56}},"23":{"start":{"line":63,"column":4},"end":{"line":66,"column":6}},"24":{"start":{"line":68,"column":20},"end":{"line":68,"column":58}},"25":{"start":{"line":69,"column":17},"end":{"line":69,"column":49}},"26":{"start":{"line":70,"column":24},"end":{"line":70,"column":49}},"27":{"start":{"line":72,"column":4},"end":{"line":76,"column":5}},"28":{"start":{"line":73,"column":6},"end":{"line":73,"column":43}},"29":{"start":{"line":75,"column":6},"end":{"line":75,"column":38}},"30":{"start":{"line":78,"column":4},"end":{"line":78,"column":16}},"31":{"start":{"line":87,"column":19},"end":{"line":94,"column":6}},"32":{"start":{"line":96,"column":4},"end":{"line":101,"column":6}},"33":{"start":{"line":97,"column":40},"end":{"line":97,"column":58}},"34":{"start":{"line":109,"column":16},"end":{"line":109,"column":60}},"35":{"start":{"line":112,"column":4},"end":{"line":114,"column":5}},"36":{"start":{"line":113,"column":6},"end":{"line":113,"column":58}},"37":{"start":{"line":116,"column":4},"end":{"line":116,"column":32}},"38":{"start":{"line":124,"column":19},"end":{"line":124,"column":57}},"39":{"start":{"line":126,"column":4},"end":{"line":126,"column":37}},"40":{"start":{"line":131,"column":19},"end":{"line":131,"column":59}},"41":{"start":{"line":133,"column":4},"end":{"line":135,"column":5}},"42":{"start":{"line":134,"column":6},"end":{"line":134,"column":54}},"43":{"start":{"line":137,"column":4},"end":{"line":137,"column":18}},"44":{"start":{"line":143,"column":24},"end":{"line":146,"column":6}},"45":{"start":{"line":148,"column":4},"end":{"line":148,"column":47}},"46":{"start":{"line":152,"column":37},"end":{"line":152,"column":39}},"47":{"start":{"line":154,"column":4},"end":{"line":156,"column":5}},"48":{"start":{"line":155,"column":6},"end":{"line":155,"column":59}},"49":{"start":{"line":158,"column":4},"end":{"line":160,"column":5}},"50":{"start":{"line":159,"column":6},"end":{"line":159,"column":61}},"51":{"start":{"line":162,"column":4},"end":{"line":162,"column":16}},"52":{"start":{"line":169,"column":19},"end":{"line":169,"column":32}},"53":{"start":{"line":171,"column":4},"end":{"line":171,"column":70}},"54":{"start":{"line":36,"column":13},"end":{"line":36,"column":29}},"55":{"start":{"line":48,"column":8},"end":{"line":79,"column":null}},"56":{"start":{"line":82,"column":8},"end":{"line":102,"column":null}},"57":{"start":{"line":105,"column":8},"end":{"line":117,"column":null}},"58":{"start":{"line":120,"column":8},"end":{"line":127,"column":null}},"59":{"start":{"line":36,"column":13},"end":{"line":173,"column":null}}},"fnMap":{"0":{"name":"(anonymous_4)","decl":{"start":{"line":37,"column":2},"end":{"line":37,"column":null}},"loc":{"start":{"line":41,"column":57},"end":{"line":42,"column":6}}},"1":{"name":"(anonymous_5)","decl":{"start":{"line":48,"column":8},"end":{"line":48,"column":18}},"loc":{"start":{"line":51,"column":50},"end":{"line":79,"column":3}}},"2":{"name":"(anonymous_6)","decl":{"start":{"line":82,"column":8},"end":{"line":82,"column":22}},"loc":{"start":{"line":85,"column":38},"end":{"line":102,"column":3}}},"3":{"name":"(anonymous_7)","decl":{"start":{"line":97,"column":30},"end":{"line":97,"column":31}},"loc":{"start":{"line":97,"column":40},"end":{"line":97,"column":58}}},"4":{"name":"(anonymous_8)","decl":{"start":{"line":105,"column":8},"end":{"line":105,"column":15}},"loc":{"start":{"line":107,"column":33},"end":{"line":117,"column":3}}},"5":{"name":"(anonymous_9)","decl":{"start":{"line":120,"column":8},"end":{"line":120,"column":22}},"loc":{"start":{"line":122,"column":27},"end":{"line":127,"column":3}}},"6":{"name":"(anonymous_10)","decl":{"start":{"line":130,"column":10},"end":{"line":130,"column":15}},"loc":{"start":{"line":130,"column":58},"end":{"line":138,"column":3}}},"7":{"name":"(anonymous_11)","decl":{"start":{"line":142,"column":10},"end":{"line":142,"column":15}},"loc":{"start":{"line":142,"column":43},"end":{"line":149,"column":3}}},"8":{"name":"(anonymous_12)","decl":{"start":{"line":151,"column":10},"end":{"line":151,"column":21}},"loc":{"start":{"line":151,"column":36},"end":{"line":163,"column":3}}},"9":{"name":"(anonymous_13)","decl":{"start":{"line":165,"column":10},"end":{"line":165,"column":27}},"loc":{"start":{"line":167,"column":20},"end":{"line":172,"column":3}}}},"branchMap":{"0":{"loc":{"start":{"line":72,"column":4},"end":{"line":76,"column":5}},"type":"if","locations":[{"start":{"line":72,"column":4},"end":{"line":76,"column":5}},{"start":{},"end":{}}]},"1":{"loc":{"start":{"line":112,"column":4},"end":{"line":114,"column":5}},"type":"if","locations":[{"start":{"line":112,"column":4},"end":{"line":114,"column":5}},{"start":{},"end":{}}]},"2":{"loc":{"start":{"line":112,"column":8},"end":{"line":112,"column":45}},"type":"binary-expr","locations":[{"start":{"line":112,"column":8},"end":{"line":112,"column":12}},{"start":{"line":112,"column":16},"end":{"line":112,"column":45}}]},"3":{"loc":{"start":{"line":133,"column":4},"end":{"line":135,"column":5}},"type":"if","locations":[{"start":{"line":133,"column":4},"end":{"line":135,"column":5}},{"start":{},"end":{}}]},"4":{"loc":{"start":{"line":133,"column":8},"end":{"line":133,"column":43}},"type":"binary-expr","locations":[{"start":{"line":133,"column":8},"end":{"line":133,"column":15}},{"start":{"line":133,"column":19},"end":{"line":133,"column":43}}]},"5":{"loc":{"start":{"line":144,"column":6},"end":{"line":144,"column":66}},"type":"cond-expr","locations":[{"start":{"line":144,"column":19},"end":{"line":144,"column":59}},{"start":{"line":144,"column":62},"end":{"line":144,"column":66}}]},"6":{"loc":{"start":{"line":145,"column":6},"end":{"line":145,"column":70}},"type":"cond-expr","locations":[{"start":{"line":145,"column":20},"end":{"line":145,"column":63}},{"start":{"line":145,"column":66},"end":{"line":145,"column":70}}]},"7":{"loc":{"start":{"line":154,"column":4},"end":{"line":156,"column":5}},"type":"if","locations":[{"start":{"line":154,"column":4},"end":{"line":156,"column":5}},{"start":{},"end":{}}]},"8":{"loc":{"start":{"line":154,"column":8},"end":{"line":154,"column":57}},"type":"binary-expr","locations":[{"start":{"line":154,"column":8},"end":{"line":154,"column":38}},{"start":{"line":154,"column":42},"end":{"line":154,"column":57}}]},"9":{"loc":{"start":{"line":158,"column":4},"end":{"line":160,"column":5}},"type":"if","locations":[{"start":{"line":158,"column":4},"end":{"line":160,"column":5}},{"start":{},"end":{}}]},"10":{"loc":{"start":{"line":158,"column":8},"end":{"line":158,"column":59}},"type":"binary-expr","locations":[{"start":{"line":158,"column":8},"end":{"line":158,"column":39}},{"start":{"line":158,"column":43},"end":{"line":158,"column":59}}]},"11":{"loc":{"start":{"line":171,"column":11},"end":{"line":171,"column":69}},"type":"cond-expr","locations":[{"start":{"line":171,"column":52},"end":{"line":171,"column":58}},{"start":{"line":171,"column":61},"end":{"line":171,"column":69}}]},"12":{"loc":{"start":{"line":171,"column":11},"end":{"line":171,"column":49}},"type":"binary-expr","locations":[{"start":{"line":171,"column":11},"end":{"line":171,"column":35}},{"start":{"line":171,"column":39},"end":{"line":171,"column":49}}]},"13":{"loc":{"start":{"line":38,"column":39},"end":{"line":38,"column":null}},"type":"cond-expr","locations":[{"start":{"line":38,"column":61},"end":{"line":38,"column":null}},{"start":{"line":38,"column":61},"end":{"line":38,"column":null}}]},"14":{"loc":{"start":{"line":38,"column":39},"end":{"line":38,"column":61}},"type":"binary-expr","locations":[{"start":{"line":38,"column":39},"end":{"line":38,"column":null}},{"start":{"line":38,"column":39},"end":{"line":38,"column":61}}]},"15":{"loc":{"start":{"line":38,"column":61},"end":{"line":39,"column":null}},"type":"cond-expr","locations":[{"start":{"line":39,"column":71},"end":{"line":39,"column":null}},{"start":{"line":39,"column":71},"end":{"line":39,"column":null}}]},"16":{"loc":{"start":{"line":38,"column":61},"end":{"line":39,"column":71}},"type":"binary-expr","locations":[{"start":{"line":38,"column":61},"end":{"line":39,"column":null}},{"start":{"line":39,"column":41},"end":{"line":39,"column":71}}]},"17":{"loc":{"start":{"line":39,"column":71},"end":{"line":40,"column":null}},"type":"cond-expr","locations":[{"start":{"line":40,"column":55},"end":{"line":40,"column":null}},{"start":{"line":40,"column":55},"end":{"line":40,"column":null}}]},"18":{"loc":{"start":{"line":39,"column":71},"end":{"line":40,"column":55}},"type":"binary-expr","locations":[{"start":{"line":39,"column":71},"end":{"line":40,"column":null}},{"start":{"line":40,"column":36},"end":{"line":40,"column":55}}]},"19":{"loc":{"start":{"line":40,"column":55},"end":{"line":41,"column":null}},"type":"cond-expr","locations":[{"start":{"line":41,"column":57},"end":{"line":41,"column":null}},{"start":{"line":41,"column":57},"end":{"line":41,"column":null}}]},"20":{"loc":{"start":{"line":40,"column":55},"end":{"line":41,"column":57}},"type":"binary-expr","locations":[{"start":{"line":40,"column":55},"end":{"line":41,"column":null}},{"start":{"line":41,"column":37},"end":{"line":41,"column":57}}]}},"s":{"0":1,"1":1,"2":1,"3":1,"4":1,"5":1,"6":1,"7":1,"8":1,"9":1,"10":1,"11":1,"12":1,"13":1,"14":1,"15":10,"16":10,"17":10,"18":10,"19":12,"20":12,"21":12,"22":11,"23":11,"24":11,"25":11,"26":11,"27":11,"28":6,"29":6,"30":5,"31":1,"32":1,"33":1,"34":3,"35":3,"36":2,"37":1,"38":1,"39":0,"40":23,"41":23,"42":1,"43":22,"44":11,"45":11,"46":22,"47":22,"48":16,"49":22,"50":3,"51":22,"52":2,"53":2,"54":1,"55":1,"56":1,"57":1,"58":1,"59":1},"f":{"0":10,"1":12,"2":1,"3":1,"4":3,"5":1,"6":23,"7":11,"8":22,"9":2},"b":{"0":[6,5],"1":[2,1],"2":[3,2],"3":[1,22],"4":[23,23],"5":[11,0],"6":[2,9],"7":[16,6],"8":[22,16],"9":[3,19],"10":[22,3],"11":[1,1],"12":[2,1],"13":[1,0],"14":[1,1],"15":[1,0],"16":[1,1],"17":[1,0],"18":[1,1],"19":[1,0],"20":[1,1]}}
,"C:\\projects\\br-data-hub\\apps\\backend\\src\\modules\\br-data\\bullmq.br-data-enrichment.ts": {"path":"C:\\projects\\br-data-hub\\apps\\backend\\src\\modules\\br-data\\bullmq.br-data-enrichment.ts","statementMap":{"0":{"start":{"line":1,"column":0},"end":{"line":1,"column":61}},"1":{"start":{"line":2,"column":0},"end":{"line":2,"column":55}},"2":{"start":{"line":8,"column":0},"end":{"line":8,"column":44}},"3":{"start":{"line":9,"column":0},"end":{"line":9,"column":41}},"4":{"start":{"line":11,"column":0},"end":{"line":11,"column":null}},"5":{"start":{"line":49,"column":7},"end":{"line":185,"column":null}},"6":{"start":{"line":52,"column":32},"end":{"line":52,"column":56}},"7":{"start":{"line":53,"column":28},"end":{"line":53,"column":48}},"8":{"start":{"line":54,"column":28},"end":{"line":60,"column":null}},"9":{"start":{"line":56,"column":6},"end":{"line":60,"column":8}},"10":{"start":{"line":62,"column":33},"end":{"line":67,"column":null}},"11":{"start":{"line":64,"column":6},"end":{"line":67,"column":8}},"12":{"start":{"line":71,"column":18},"end":{"line":71,"column":53}},"13":{"start":{"line":73,"column":4},"end":{"line":73,"column":78}},"14":{"start":{"line":75,"column":4},"end":{"line":75,"column":17}},"15":{"start":{"line":80,"column":16},"end":{"line":81,"column":null}},"16":{"start":{"line":84,"column":4},"end":{"line":84,"column":19}},"17":{"start":{"line":93,"column":4},"end":{"line":111,"column":6}},"18":{"start":{"line":95,"column":20},"end":{"line":95,"column":59}},"19":{"start":{"line":97,"column":8},"end":{"line":99,"column":9}},"20":{"start":{"line":98,"column":10},"end":{"line":98,"column":17}},"21":{"start":{"line":101,"column":8},"end":{"line":103,"column":9}},"22":{"start":{"line":102,"column":10},"end":{"line":102,"column":17}},"23":{"start":{"line":107,"column":8},"end":{"line":109,"column":34}},"24":{"start":{"line":109,"column":23},"end":{"line":109,"column":32}},"25":{"start":{"line":115,"column":19},"end":{"line":115,"column":39}},"26":{"start":{"line":117,"column":4},"end":{"line":119,"column":5}},"27":{"start":{"line":118,"column":6},"end":{"line":118,"column":18}},"28":{"start":{"line":121,"column":16},"end":{"line":121,"column":55}},"29":{"start":{"line":123,"column":4},"end":{"line":125,"column":5}},"30":{"start":{"line":124,"column":6},"end":{"line":124,"column":18}},"31":{"start":{"line":128,"column":28},"end":{"line":128,"column":60}},"32":{"start":{"line":129,"column":18},"end":{"line":129,"column":38}},"33":{"start":{"line":131,"column":4},"end":{"line":144,"column":6}},"34":{"start":{"line":148,"column":4},"end":{"line":151,"column":7}},"35":{"start":{"line":149,"column":57},"end":{"line":149,"column":71}},"36":{"start":{"line":150,"column":51},"end":{"line":150,"column":64}},"37":{"start":{"line":163,"column":4},"end":{"line":165,"column":5}},"38":{"start":{"line":164,"column":6},"end":{"line":164,"column":19}},"39":{"start":{"line":167,"column":4},"end":{"line":167,"column":47}},"40":{"start":{"line":171,"column":4},"end":{"line":171,"column":65}},"41":{"start":{"line":175,"column":19},"end":{"line":175,"column":41}},"42":{"start":{"line":177,"column":4},"end":{"line":177,"column":71}},"43":{"start":{"line":177,"column":44},"end":{"line":177,"column":61}},"44":{"start":{"line":183,"column":4},"end":{"line":183,"column":58}},"45":{"start":{"line":49,"column":13},"end":{"line":49,"column":43}},"46":{"start":{"line":49,"column":13},"end":{"line":185,"column":null}}},"fnMap":{"0":{"name":"(anonymous_1)","decl":{"start":{"line":55,"column":4},"end":{"line":55,"column":5}},"loc":{"start":{"line":56,"column":6},"end":{"line":60,"column":8}}},"1":{"name":"(anonymous_2)","decl":{"start":{"line":63,"column":4},"end":{"line":63,"column":5}},"loc":{"start":{"line":64,"column":6},"end":{"line":67,"column":8}}},"2":{"name":"(anonymous_3)","decl":{"start":{"line":70,"column":2},"end":{"line":70,"column":7}},"loc":{"start":{"line":70,"column":48},"end":{"line":76,"column":3}}},"3":{"name":"(anonymous_4)","decl":{"start":{"line":79,"column":2},"end":{"line":79,"column":7}},"loc":{"start":{"line":79,"column":42},"end":{"line":85,"column":3}}},"4":{"name":"(anonymous_5)","decl":{"start":{"line":89,"column":2},"end":{"line":89,"column":7}},"loc":{"start":{"line":91,"column":21},"end":{"line":112,"column":3}}},"5":{"name":"(anonymous_6)","decl":{"start":{"line":94,"column":15},"end":{"line":94,"column":20}},"loc":{"start":{"line":94,"column":43},"end":{"line":110,"column":7}}},"6":{"name":"(anonymous_7)","decl":{"start":{"line":109,"column":17},"end":{"line":109,"column":20}},"loc":{"start":{"line":109,"column":23},"end":{"line":109,"column":32}}},"7":{"name":"(anonymous_8)","decl":{"start":{"line":114,"column":2},"end":{"line":114,"column":7}},"loc":{"start":{"line":114,"column":29},"end":{"line":145,"column":3}}},"8":{"name":"(anonymous_9)","decl":{"start":{"line":147,"column":2},"end":{"line":147,"column":7}},"loc":{"start":{"line":147,"column":23},"end":{"line":152,"column":3}}},"9":{"name":"(anonymous_10)","decl":{"start":{"line":149,"column":45},"end":{"line":149,"column":46}},"loc":{"start":{"line":149,"column":57},"end":{"line":149,"column":71}}},"10":{"name":"(anonymous_11)","decl":{"start":{"line":150,"column":40},"end":{"line":150,"column":41}},"loc":{"start":{"line":150,"column":51},"end":{"line":150,"column":64}}},"11":{"name":"(anonymous_12)","decl":{"start":{"line":159,"column":10},"end":{"line":159,"column":15}},"loc":{"start":{"line":161,"column":40},"end":{"line":168,"column":3}}},"12":{"name":"(anonymous_13)","decl":{"start":{"line":170,"column":10},"end":{"line":170,"column":18}},"loc":{"start":{"line":170,"column":32},"end":{"line":172,"column":3}}},"13":{"name":"(anonymous_14)","decl":{"start":{"line":174,"column":10},"end":{"line":174,"column":18}},"loc":{"start":{"line":174,"column":32},"end":{"line":178,"column":3}}},"14":{"name":"(anonymous_15)","decl":{"start":{"line":177,"column":32},"end":{"line":177,"column":33}},"loc":{"start":{"line":177,"column":44},"end":{"line":177,"column":61}}},"15":{"name":"(anonymous_16)","decl":{"start":{"line":180,"column":10},"end":{"line":180,"column":18}},"loc":{"start":{"line":181,"column":40},"end":{"line":184,"column":3}}}},"branchMap":{"0":{"loc":{"start":{"line":97,"column":8},"end":{"line":99,"column":9}},"type":"if","locations":[{"start":{"line":97,"column":8},"end":{"line":99,"column":9}},{"start":{},"end":{}}]},"1":{"loc":{"start":{"line":97,"column":12},"end":{"line":97,"column":34}},"type":"binary-expr","locations":[{"start":{"line":97,"column":12},"end":{"line":97,"column":16}},{"start":{"line":97,"column":20},"end":{"line":97,"column":34}}]},"2":{"loc":{"start":{"line":101,"column":8},"end":{"line":103,"column":9}},"type":"if","locations":[{"start":{"line":101,"column":8},"end":{"line":103,"column":9}},{"start":{},"end":{}}]},"3":{"loc":{"start":{"line":117,"column":4},"end":{"line":119,"column":5}},"type":"if","locations":[{"start":{"line":117,"column":4},"end":{"line":119,"column":5}},{"start":{},"end":{}}]},"4":{"loc":{"start":{"line":123,"column":4},"end":{"line":125,"column":5}},"type":"if","locations":[{"start":{"line":123,"column":4},"end":{"line":125,"column":5}},{"start":{},"end":{}}]},"5":{"loc":{"start":{"line":137,"column":19},"end":{"line":137,"column":41}},"type":"binary-expr","locations":[{"start":{"line":137,"column":19},"end":{"line":137,"column":36}},{"start":{"line":137,"column":40},"end":{"line":137,"column":41}}]},"6":{"loc":{"start":{"line":138,"column":19},"end":{"line":138,"column":58}},"type":"binary-expr","locations":[{"start":{"line":138,"column":19},"end":{"line":138,"column":34}},{"start":{"line":138,"column":38},"end":{"line":138,"column":58}}]},"7":{"loc":{"start":{"line":139,"column":14},"end":{"line":139,"column":37}},"type":"binary-expr","locations":[{"start":{"line":139,"column":14},"end":{"line":139,"column":29}},{"start":{"line":139,"column":33},"end":{"line":139,"column":37}}]},"8":{"loc":{"start":{"line":140,"column":20},"end":{"line":140,"column":44}},"type":"binary-expr","locations":[{"start":{"line":140,"column":20},"end":{"line":140,"column":36}},{"start":{"line":140,"column":40},"end":{"line":140,"column":44}}]},"9":{"loc":{"start":{"line":142,"column":19},"end":{"line":142,"column":69}},"type":"cond-expr","locations":[{"start":{"line":142,"column":37},"end":{"line":142,"column":62}},{"start":{"line":142,"column":65},"end":{"line":142,"column":69}}]},"10":{"loc":{"start":{"line":143,"column":18},"end":{"line":143,"column":66}},"type":"cond-expr","locations":[{"start":{"line":143,"column":35},"end":{"line":143,"column":59}},{"start":{"line":143,"column":62},"end":{"line":143,"column":66}}]},"11":{"loc":{"start":{"line":163,"column":4},"end":{"line":165,"column":5}},"type":"if","locations":[{"start":{"line":163,"column":4},"end":{"line":165,"column":5}},{"start":{},"end":{}}]},"12":{"loc":{"start":{"line":177,"column":11},"end":{"line":177,"column":70}},"type":"binary-expr","locations":[{"start":{"line":177,"column":11},"end":{"line":177,"column":62}},{"start":{"line":177,"column":66},"end":{"line":177,"column":70}}]}},"s":{"0":2,"1":2,"2":2,"3":2,"4":2,"5":2,"6":22,"7":22,"8":22,"9":44,"10":22,"11":44,"12":7,"13":7,"14":7,"15":26,"16":26,"17":20,"18":22,"19":22,"20":2,"21":20,"22":10,"23":10,"24":1,"25":7,"26":7,"27":2,"28":5,"29":5,"30":1,"31":4,"32":4,"33":4,"34":1,"35":2,"36":2,"37":20,"38":5,"39":15,"40":18,"41":7,"42":7,"43":13,"44":44,"45":2,"46":2},"f":{"0":44,"1":44,"2":7,"3":26,"4":20,"5":22,"6":1,"7":7,"8":1,"9":2,"10":2,"11":20,"12":18,"13":7,"14":13,"15":44},"b":{"0":[2,20],"1":[22,21],"2":[10,10],"3":[2,5],"4":[1,4],"5":[4,1],"6":[4,3],"7":[4,3],"8":[4,3],"9":[1,3],"10":[1,3],"11":[5,15],"12":[7,2]}}
}
