TN:
SF:src\modules\br-data\br-data-enrichment.worker.ts
FN:39,(anonymous_2)
FN:41,(anonymous_3)
FN:47,(anonymous_4)
FN:48,(anonymous_5)
FN:51,(anonymous_6)
FN:57,(anonymous_7)
FN:81,(anonymous_8)
FN:84,(anonymous_9)
FNF:8
FNH:8
FNDA:9,(anonymous_2)
FNDA:9,(anonymous_3)
FNDA:1,(anonymous_4)
FNDA:2,(anonymous_5)
FNDA:18,(anonymous_6)
FNDA:9,(anonymous_7)
FNDA:2,(anonymous_8)
FNDA:1,(anonymous_9)
DA:1,1
DA:7,1
DA:12,1
DA:13,1
DA:18,1
DA:35,1
DA:36,9
DA:37,9
DA:39,9
DA:42,9
DA:43,18
DA:48,2
DA:52,18
DA:53,18
DA:55,18
DA:58,9
DA:59,9
DA:61,5
DA:62,1
DA:66,4
DA:69,4
DA:70,4
DA:81,18
DA:82,2
DA:84,18
DA:85,1
DA:88,18
DA:92,18
LF:28
LH:28
BRDA:61,0,0,1
BRDA:61,0,1,4
BRDA:39,1,0,1
BRDA:39,1,1,0
BRDA:39,2,0,1
BRDA:39,2,1,1
BRF:6
BRH:5
end_of_record
TN:
SF:src\modules\br-data\br-data.controller.ts
FN:37,(anonymous_4)
FN:48,(anonymous_5)
FN:82,(anonymous_6)
FN:97,(anonymous_7)
FN:105,(anonymous_8)
FN:120,(anonymous_9)
FN:130,(anonymous_10)
FN:142,(anonymous_11)
FN:151,(anonymous_12)
FN:165,(anonymous_13)
FNF:10
FNH:10
FNDA:10,(anonymous_4)
FNDA:12,(anonymous_5)
FNDA:1,(anonymous_6)
FNDA:1,(anonymous_7)
FNDA:3,(anonymous_8)
FNDA:1,(anonymous_9)
FNDA:23,(anonymous_10)
FNDA:11,(anonymous_11)
FNDA:22,(anonymous_12)
FNDA:2,(anonymous_13)
DA:1,1
DA:12,1
DA:14,1
DA:16,1
DA:17,1
DA:18,1
DA:19,1
DA:20,1
DA:21,1
DA:22,1
DA:23,1
DA:24,1
DA:31,1
DA:32,1
DA:36,1
DA:38,10
DA:39,10
DA:40,10
DA:41,10
DA:48,1
DA:53,12
DA:54,12
DA:59,12
DA:61,11
DA:63,11
DA:68,11
DA:69,11
DA:70,11
DA:72,11
DA:73,6
DA:75,6
DA:78,5
DA:82,1
DA:87,1
DA:96,1
DA:97,1
DA:105,1
DA:109,3
DA:112,3
DA:113,2
DA:116,1
DA:120,1
DA:124,1
DA:126,0
DA:131,23
DA:133,23
DA:134,1
DA:137,22
DA:143,11
DA:148,11
DA:152,22
DA:154,22
DA:155,16
DA:158,22
DA:159,3
DA:162,22
DA:169,2
DA:171,2
LF:58
LH:57
BRDA:72,0,0,6
BRDA:72,0,1,5
BRDA:112,1,0,2
BRDA:112,1,1,1
BRDA:112,2,0,3
BRDA:112,2,1,2
BRDA:133,3,0,1
BRDA:133,3,1,22
BRDA:133,4,0,23
BRDA:133,4,1,23
BRDA:144,5,0,11
BRDA:144,5,1,0
BRDA:145,6,0,2
BRDA:145,6,1,9
BRDA:154,7,0,16
BRDA:154,7,1,6
BRDA:154,8,0,22
BRDA:154,8,1,16
BRDA:158,9,0,3
BRDA:158,9,1,19
BRDA:158,10,0,22
BRDA:158,10,1,3
BRDA:171,11,0,1
BRDA:171,11,1,1
BRDA:171,12,0,2
BRDA:171,12,1,1
BRDA:38,13,0,1
BRDA:38,13,1,0
BRDA:38,14,0,1
BRDA:38,14,1,1
BRDA:38,15,0,1
BRDA:38,15,1,0
BRDA:38,16,0,1
BRDA:38,16,1,1
BRDA:39,17,0,1
BRDA:39,17,1,0
BRDA:39,18,0,1
BRDA:39,18,1,1
BRDA:40,19,0,1
BRDA:40,19,1,0
BRDA:40,20,0,1
BRDA:40,20,1,1
BRF:42
BRH:37
end_of_record
TN:
SF:src\modules\br-data\bullmq.br-data-enrichment.ts
FN:55,(anonymous_1)
FN:63,(anonymous_2)
FN:70,(anonymous_3)
FN:79,(anonymous_4)
FN:89,(anonymous_5)
FN:94,(anonymous_6)
FN:109,(anonymous_7)
FN:114,(anonymous_8)
FN:147,(anonymous_9)
FN:149,(anonymous_10)
FN:150,(anonymous_11)
FN:159,(anonymous_12)
FN:170,(anonymous_13)
FN:174,(anonymous_14)
FN:177,(anonymous_15)
FN:180,(anonymous_16)
FNF:16
FNH:16
FNDA:44,(anonymous_1)
FNDA:44,(anonymous_2)
FNDA:7,(anonymous_3)
FNDA:26,(anonymous_4)
FNDA:20,(anonymous_5)
FNDA:22,(anonymous_6)
FNDA:1,(anonymous_7)
FNDA:7,(anonymous_8)
FNDA:1,(anonymous_9)
FNDA:2,(anonymous_10)
FNDA:2,(anonymous_11)
FNDA:20,(anonymous_12)
FNDA:18,(anonymous_13)
FNDA:7,(anonymous_14)
FNDA:13,(anonymous_15)
FNDA:44,(anonymous_16)
DA:1,2
DA:2,2
DA:8,2
DA:9,2
DA:11,2
DA:49,2
DA:52,22
DA:53,22
DA:54,22
DA:56,44
DA:62,22
DA:64,44
DA:71,7
DA:73,7
DA:75,7
DA:80,26
DA:84,26
DA:93,20
DA:95,22
DA:97,22
DA:98,2
DA:101,20
DA:102,10
DA:107,10
DA:109,1
DA:115,7
DA:117,7
DA:118,2
DA:121,5
DA:123,5
DA:124,1
DA:128,4
DA:129,4
DA:131,4
DA:148,1
DA:149,2
DA:150,2
DA:163,20
DA:164,5
DA:167,15
DA:171,18
DA:175,7
DA:177,13
DA:183,44
LF:44
LH:44
BRDA:97,0,0,2
BRDA:97,0,1,20
BRDA:97,1,0,22
BRDA:97,1,1,21
BRDA:101,2,0,10
BRDA:101,2,1,10
BRDA:117,3,0,2
BRDA:117,3,1,5
BRDA:123,4,0,1
BRDA:123,4,1,4
BRDA:137,5,0,4
BRDA:137,5,1,1
BRDA:138,6,0,4
BRDA:138,6,1,3
BRDA:139,7,0,4
BRDA:139,7,1,3
BRDA:140,8,0,4
BRDA:140,8,1,3
BRDA:142,9,0,1
BRDA:142,9,1,3
BRDA:143,10,0,1
BRDA:143,10,1,3
BRDA:163,11,0,5
BRDA:163,11,1,15
BRDA:177,12,0,7
BRDA:177,12,1,2
BRF:26
BRH:26
end_of_record
